0 info it worked if it ends with ok
1 verbose cli [ '/usr/local/bin/node', '/usr/local/bin/npm', 'start' ]
2 info using npm@3.9.6
3 info using node@v4.2.3
4 verbose run-script [ 'prestart', 'start', 'poststart' ]
5 info lifecycle loopback-redux-react-boilerplate@1.0.2~prestart: loopback-redux-react-boilerplate@1.0.2
6 silly lifecycle loopback-redux-react-boilerplate@1.0.2~prestart: no script for prestart, continuing
7 info lifecycle loopback-redux-react-boilerplate@1.0.2~start: loopback-redux-react-boilerplate@1.0.2
8 verbose lifecycle loopback-redux-react-boilerplate@1.0.2~start: unsafe-perm in lifecycle true
9 verbose lifecycle loopback-redux-react-boilerplate@1.0.2~start: PATH: /usr/local/lib/node_modules/npm/bin/node-gyp-bin:/Sahil/Work/myReactApp/node_modules/.bin:/usr/local/bin:/Library/Frameworks/Python.framework/Versions/3.4/bin:/Library/Frameworks/Python.framework/Versions/2.7/bin:/usr/local/bin:/usr/bin:/bin:/usr/sbin:/sbin:/Users/Mini1/work/apps/android/sdk/tools:/Users/Mini1/work/apps/android/sdk/platform-tools
10 verbose lifecycle loopback-redux-react-boilerplate@1.0.2~start: CWD: /Sahil/Work/myReactApp
11 silly lifecycle loopback-redux-react-boilerplate@1.0.2~start: Args: [ '-c', 'node .' ]
12 silly lifecycle loopback-redux-react-boilerplate@1.0.2~start: Returned: code: 1  signal: null
13 info lifecycle loopback-redux-react-boilerplate@1.0.2~start: Failed to exec start script
14 verbose stack Error: loopback-redux-react-boilerplate@1.0.2 start: `node .`
14 verbose stack Exit status 1
14 verbose stack     at EventEmitter.<anonymous> (/usr/local/lib/node_modules/npm/lib/utils/lifecycle.js:245:16)
14 verbose stack     at emitTwo (events.js:87:13)
14 verbose stack     at EventEmitter.emit (events.js:172:7)
14 verbose stack     at ChildProcess.<anonymous> (/usr/local/lib/node_modules/npm/lib/utils/spawn.js:24:14)
14 verbose stack     at emitTwo (events.js:87:13)
14 verbose stack     at ChildProcess.emit (events.js:172:7)
14 verbose stack     at maybeClose (internal/child_process.js:818:16)
14 verbose stack     at Process.ChildProcess._handle.onexit (internal/child_process.js:211:5)
15 verbose pkgid loopback-redux-react-boilerplate@1.0.2
16 verbose cwd /Sahil/Work/myReactApp
17 error Darwin 14.5.0
18 error argv "/usr/local/bin/node" "/usr/local/bin/npm" "start"
19 error node v4.2.3
20 error npm  v3.9.6
21 error code ELIFECYCLE
22 error loopback-redux-react-boilerplate@1.0.2 start: `node .`
22 error Exit status 1
23 error Failed at the loopback-redux-react-boilerplate@1.0.2 start script 'node .'.
23 error Make sure you have the latest version of node.js and npm installed.
23 error If you do, this is most likely a problem with the loopback-redux-react-boilerplate package,
23 error not with npm itself.
23 error Tell the author that this fails on your system:
23 error     node .
23 error You can get information on how to open an issue for this project with:
23 error     npm bugs loopback-redux-react-boilerplate
23 error Or if that isn't available, you can get their info via:
23 error     npm owner ls loopback-redux-react-boilerplate
23 error There is likely additional logging output above.
24 verbose exit [ 1, true ]
